<?xml version="1.0" encoding="UTF-8" ?>
<testsuite tests="1" failures="1" name="com.Tests.TestOpenAccount" time="0.002" errors="0" skipped="0">
  <properties>
[...]
</properties>
  <testcase classname="com.Tests.TestOpenAccount" name="com.Tests.TestOpenAccount.testOpenAccount" time="0.002">
    <failure message="Cannot invoke &quot;com.Pages.PageOpenAccount.clickOpenAccountBtn()&quot; because &quot;this.pageOpenAccount&quot; is null" type="java.lang.NullPointerException">java.lang.NullPointerException: Cannot invoke &quot;com.Pages.PageOpenAccount.clickOpenAccountBtn()&quot; because &quot;this.pageOpenAccount&quot; is null
	at com.Tests.TestOpenAccount.testOpenAccount(TestOpenAccount.java:29)
</failure>
  </testcase>
</testsuite>